\BOOKMARK [0][-]{chapter.1}{\376\377\0001\000\040\000B\000L\000E\000-\000N\000e\000t\000w\000o\000r\000k\000-\000H\000e\000l\000p\000e\000r\000\040\0000\000.\0001}{}% 1
\BOOKMARK [1][-]{section.1.1}{\376\377\0001\000.\0001\000\040\000G\000u\000i\000d\000e\000l\000i\000n\000e\000\040\000t\000o\000\040\000l\000i\000b\000r\000a\000r\000y\000\040\000u\000s\000a\000g\000e}{chapter.1}% 2
\BOOKMARK [0][-]{chapter.2}{\376\377\0002\000\040\000C\000l\000a\000s\000s\000\040\000I\000n\000d\000e\000x}{}% 3
\BOOKMARK [1][-]{section.2.1}{\376\377\0002\000.\0001\000\040\000C\000l\000a\000s\000s\000\040\000L\000i\000s\000t}{chapter.2}% 4
\BOOKMARK [0][-]{chapter.3}{\376\377\0003\000\040\000F\000i\000l\000e\000\040\000I\000n\000d\000e\000x}{}% 5
\BOOKMARK [1][-]{section.3.1}{\376\377\0003\000.\0001\000\040\000F\000i\000l\000e\000\040\000L\000i\000s\000t}{chapter.3}% 6
\BOOKMARK [0][-]{chapter.4}{\376\377\0004\000\040\000C\000l\000a\000s\000s\000\040\000D\000o\000c\000u\000m\000e\000n\000t\000a\000t\000i\000o\000n}{}% 7
\BOOKMARK [1][-]{section.4.1}{\376\377\0004\000.\0001\000\040\000b\000a\000c\000k\000e\000n\000d\000\137\000p\000r\000o\000v\000\137\000d\000a\000t\000a\000\137\000t\000\040\000U\000n\000i\000o\000n\000\040\000R\000e\000f\000e\000r\000e\000n\000c\000e}{chapter.4}% 8
\BOOKMARK [2][-]{subsection.4.1.1}{\376\377\0004\000.\0001\000.\0001\000\040\000M\000e\000m\000b\000e\000r\000\040\000D\000a\000t\000a\000\040\000D\000o\000c\000u\000m\000e\000n\000t\000a\000t\000i\000o\000n}{section.4.1}% 9
\BOOKMARK [3][-]{subsubsection.4.1.1.1}{\376\377\0004\000.\0001\000.\0001\000.\0001\000\040\000p\000r\000o\000v\000\137\000a\000d\000d\000\137\000a\000p\000p\000\137\000k\000e\000y}{subsection.4.1.1}% 10
\BOOKMARK [3][-]{subsubsection.4.1.1.2}{\376\377\0004\000.\0001\000.\0001\000.\0002\000\040\000p\000r\000o\000v\000\137\000a\000d\000d\000\137\000n\000e\000t\000\137\000k\000e\000y}{subsection.4.1.1}% 11
\BOOKMARK [3][-]{subsubsection.4.1.1.3}{\376\377\0004\000.\0001\000.\0001\000.\0003\000\040\000p\000r\000o\000v\000\137\000k\000e\000y\000\137\000f\000a\000i\000l}{subsection.4.1.1}% 12
\BOOKMARK [3][-]{subsubsection.4.1.1.4}{\376\377\0004\000.\0001\000.\0001\000.\0004\000\040\000p\000r\000o\000v\000\137\000k\000e\000y\000\137\000s\000u\000c\000c\000e\000s\000s}{subsection.4.1.1}% 13
\BOOKMARK [3][-]{subsubsection.4.1.1.5}{\376\377\0004\000.\0001\000.\0001\000.\0005\000\040\000p\000r\000o\000v\000\137\000m\000o\000d\000e\000\137\000g\000e\000t}{subsection.4.1.1}% 14
\BOOKMARK [3][-]{subsubsection.4.1.1.6}{\376\377\0004\000.\0001\000.\0001\000.\0006\000\040\000p\000r\000o\000v\000\137\000m\000o\000d\000e\000\137\000n\000o\000d\000e\000\137\000r\000e\000s\000e\000t}{subsection.4.1.1}% 15
\BOOKMARK [3][-]{subsubsection.4.1.1.7}{\376\377\0004\000.\0001\000.\0001\000.\0007\000\040\000p\000r\000o\000v\000\137\000m\000o\000d\000e\000\137\000s\000e\000t}{subsection.4.1.1}% 16
\BOOKMARK [3][-]{subsubsection.4.1.1.8}{\376\377\0004\000.\0001\000.\0001\000.\0008\000\040\000p\000r\000o\000v\000\137\000m\000o\000d\000e\000\137\000s\000t\000a\000t\000u\000s}{subsection.4.1.1}% 17
\BOOKMARK [1][-]{section.4.2}{\376\377\0004\000.\0002\000\040\000c\000f\000g\000\137\000s\000t\000a\000t\000e\000\137\000t\000\040\000U\000n\000i\000o\000n\000\040\000R\000e\000f\000e\000r\000e\000n\000c\000e}{chapter.4}% 18
\BOOKMARK [2][-]{subsection.4.2.1}{\376\377\0004\000.\0002\000.\0001\000\040\000D\000e\000t\000a\000i\000l\000e\000d\000\040\000D\000e\000s\000c\000r\000i\000p\000t\000i\000o\000n}{section.4.2}% 19
\BOOKMARK [2][-]{subsection.4.2.2}{\376\377\0004\000.\0002\000.\0002\000\040\000M\000e\000m\000b\000e\000r\000\040\000D\000a\000t\000a\000\040\000D\000o\000c\000u\000m\000e\000n\000t\000a\000t\000i\000o\000n}{section.4.2}% 20
\BOOKMARK [3][-]{subsubsection.4.2.2.1}{\376\377\0004\000.\0002\000.\0002\000.\0001\000\040\000g\000e\000t\000\137\000s\000t\000a\000t\000e}{subsection.4.2.2}% 21
\BOOKMARK [3][-]{subsubsection.4.2.2.2}{\376\377\0004\000.\0002\000.\0002\000.\0002\000\040\000s\000e\000t\000\137\000s\000t\000a\000t\000e}{subsection.4.2.2}% 22
\BOOKMARK [3][-]{subsubsection.4.2.2.3}{\376\377\0004\000.\0002\000.\0002\000.\0003\000\040\000s\000t\000a\000t\000u\000s\000\137\000s\000t\000a\000t\000e}{subsection.4.2.2}% 23
\BOOKMARK [1][-]{section.4.3}{\376\377\0004\000.\0003\000\040\000p\000r\000o\000v\000\137\000a\000d\000d\000\137\000a\000p\000p\000k\000e\000y\000\137\000t\000\040\000S\000t\000r\000u\000c\000t\000\040\000R\000e\000f\000e\000r\000e\000n\000c\000e}{chapter.4}% 24
\BOOKMARK [2][-]{subsection.4.3.1}{\376\377\0004\000.\0003\000.\0001\000\040\000M\000e\000m\000b\000e\000r\000\040\000D\000a\000t\000a\000\040\000D\000o\000c\000u\000m\000e\000n\000t\000a\000t\000i\000o\000n}{section.4.3}% 25
\BOOKMARK [3][-]{subsubsection.4.3.1.1}{\376\377\0004\000.\0003\000.\0001\000.\0001\000\040\000a\000p\000p\000\137\000i\000d\000x}{subsection.4.3.1}% 26
\BOOKMARK [3][-]{subsubsection.4.3.1.2}{\376\377\0004\000.\0003\000.\0001\000.\0002\000\040\000n\000e\000t\000\137\000i\000d\000x}{subsection.4.3.1}% 27
\BOOKMARK [1][-]{section.4.4}{\376\377\0004\000.\0004\000\040\000p\000r\000o\000v\000\137\000a\000d\000d\000\137\000n\000e\000t\000k\000e\000y\000\137\000t\000\040\000S\000t\000r\000u\000c\000t\000\040\000R\000e\000f\000e\000r\000e\000n\000c\000e}{chapter.4}% 28
\BOOKMARK [2][-]{subsection.4.4.1}{\376\377\0004\000.\0004\000.\0001\000\040\000M\000e\000m\000b\000e\000r\000\040\000D\000a\000t\000a\000\040\000D\000o\000c\000u\000m\000e\000n\000t\000a\000t\000i\000o\000n}{section.4.4}% 29
\BOOKMARK [3][-]{subsubsection.4.4.1.1}{\376\377\0004\000.\0004\000.\0001\000.\0001\000\040\000n\000e\000t\000\137\000i\000d\000x}{subsection.4.4.1}% 30
\BOOKMARK [1][-]{section.4.5}{\376\377\0004\000.\0005\000\040\000p\000r\000o\000v\000\137\000k\000e\000y\000\137\000f\000a\000i\000l\000\137\000t\000\040\000S\000t\000r\000u\000c\000t\000\040\000R\000e\000f\000e\000r\000e\000n\000c\000e}{chapter.4}% 31
\BOOKMARK [2][-]{subsection.4.5.1}{\376\377\0004\000.\0005\000.\0001\000\040\000M\000e\000m\000b\000e\000r\000\040\000D\000a\000t\000a\000\040\000D\000o\000c\000u\000m\000e\000n\000t\000a\000t\000i\000o\000n}{section.4.5}% 32
\BOOKMARK [3][-]{subsubsection.4.5.1.1}{\376\377\0004\000.\0005\000.\0001\000.\0001\000\040\000o\000p\000c\000o\000d\000e}{subsection.4.5.1}% 33
\BOOKMARK [1][-]{section.4.6}{\376\377\0004\000.\0006\000\040\000p\000r\000o\000v\000\137\000k\000e\000y\000\137\000s\000u\000c\000c\000e\000s\000s\000\137\000t\000\040\000S\000t\000r\000u\000c\000t\000\040\000R\000e\000f\000e\000r\000e\000n\000c\000e}{chapter.4}% 34
\BOOKMARK [2][-]{subsection.4.6.1}{\376\377\0004\000.\0006\000.\0001\000\040\000M\000e\000m\000b\000e\000r\000\040\000D\000a\000t\000a\000\040\000D\000o\000c\000u\000m\000e\000n\000t\000a\000t\000i\000o\000n}{section.4.6}% 35
\BOOKMARK [3][-]{subsubsection.4.6.1.1}{\376\377\0004\000.\0006\000.\0001\000.\0001\000\040\000a\000p\000p\000\137\000i\000d\000x}{subsection.4.6.1}% 36
\BOOKMARK [3][-]{subsubsection.4.6.1.2}{\376\377\0004\000.\0006\000.\0001\000.\0002\000\040\000n\000e\000t\000\137\000i\000d\000x}{subsection.4.6.1}% 37
\BOOKMARK [3][-]{subsubsection.4.6.1.3}{\376\377\0004\000.\0006\000.\0001\000.\0003\000\040\000o\000p\000c\000o\000d\000e}{subsection.4.6.1}% 38
\BOOKMARK [1][-]{section.4.7}{\376\377\0004\000.\0007\000\040\000p\000r\000o\000v\000\137\000m\000o\000d\000e\000\137\000g\000e\000t\000\137\000t\000\040\000S\000t\000r\000u\000c\000t\000\040\000R\000e\000f\000e\000r\000e\000n\000c\000e}{chapter.4}% 39
\BOOKMARK [2][-]{subsection.4.7.1}{\376\377\0004\000.\0007\000.\0001\000\040\000M\000e\000m\000b\000e\000r\000\040\000D\000a\000t\000a\000\040\000D\000o\000c\000u\000m\000e\000n\000t\000a\000t\000i\000o\000n}{section.4.7}% 40
\BOOKMARK [3][-]{subsubsection.4.7.1.1}{\376\377\0004\000.\0007\000.\0001\000.\0001\000\040\000p\000r\000o\000v\000\137\000p\000a\000y\000l\000o\000a\000d}{subsection.4.7.1}% 41
\BOOKMARK [1][-]{section.4.8}{\376\377\0004\000.\0008\000\040\000p\000r\000o\000v\000\137\000m\000o\000d\000e\000\137\000n\000o\000d\000e\000\137\000r\000e\000s\000e\000t\000\137\000t\000\040\000S\000t\000r\000u\000c\000t\000\040\000R\000e\000f\000e\000r\000e\000n\000c\000e}{chapter.4}% 42
\BOOKMARK [2][-]{subsection.4.8.1}{\376\377\0004\000.\0008\000.\0001\000\040\000M\000e\000m\000b\000e\000r\000\040\000D\000a\000t\000a\000\040\000D\000o\000c\000u\000m\000e\000n\000t\000a\000t\000i\000o\000n}{section.4.8}% 43
\BOOKMARK [3][-]{subsubsection.4.8.1.1}{\376\377\0004\000.\0008\000.\0001\000.\0001\000\040\000p\000r\000o\000v\000\137\000p\000a\000y\000l\000o\000a\000d}{subsection.4.8.1}% 44
\BOOKMARK [1][-]{section.4.9}{\376\377\0004\000.\0009\000\040\000p\000r\000o\000v\000\137\000m\000o\000d\000e\000\137\000s\000e\000t\000\137\000t\000\040\000S\000t\000r\000u\000c\000t\000\040\000R\000e\000f\000e\000r\000e\000n\000c\000e}{chapter.4}% 45
\BOOKMARK [2][-]{subsection.4.9.1}{\376\377\0004\000.\0009\000.\0001\000\040\000M\000e\000m\000b\000e\000r\000\040\000D\000a\000t\000a\000\040\000D\000o\000c\000u\000m\000e\000n\000t\000a\000t\000i\000o\000n}{section.4.9}% 46
\BOOKMARK [3][-]{subsubsection.4.9.1.1}{\376\377\0004\000.\0009\000.\0001\000.\0001\000\040\000p\000r\000o\000v\000\137\000p\000a\000y\000l\000o\000a\000d}{subsection.4.9.1}% 47
\BOOKMARK [1][-]{section.4.10}{\376\377\0004\000.\0001\0000\000\040\000p\000r\000o\000v\000\137\000m\000o\000d\000e\000\137\000s\000t\000a\000t\000u\000s\000\137\000t\000\040\000S\000t\000r\000u\000c\000t\000\040\000R\000e\000f\000e\000r\000e\000n\000c\000e}{chapter.4}% 48
\BOOKMARK [2][-]{subsection.4.10.1}{\376\377\0004\000.\0001\0000\000.\0001\000\040\000M\000e\000m\000b\000e\000r\000\040\000D\000a\000t\000a\000\040\000D\000o\000c\000u\000m\000e\000n\000t\000a\000t\000i\000o\000n}{section.4.10}% 49
\BOOKMARK [3][-]{subsubsection.4.10.1.1}{\376\377\0004\000.\0001\0000\000.\0001\000.\0001\000\040\000p\000r\000o\000v\000\137\000i\000s\000\137\000t\000r\000u\000e}{subsection.4.10.1}% 50
\BOOKMARK [0][-]{chapter.5}{\376\377\0005\000\040\000F\000i\000l\000e\000\040\000D\000o\000c\000u\000m\000e\000n\000t\000a\000t\000i\000o\000n}{}% 51
\BOOKMARK [1][-]{section.5.1}{\376\377\0005\000.\0001\000\040\000i\000n\000c\000l\000u\000d\000e\000s\000/\000m\000y\000\137\000c\000r\000c\000.\000h\000\040\000F\000i\000l\000e\000\040\000R\000e\000f\000e\000r\000e\000n\000c\000e}{chapter.5}% 52
\BOOKMARK [2][-]{subsection.5.1.1}{\376\377\0005\000.\0001\000.\0001\000\040\000F\000u\000n\000c\000t\000i\000o\000n\000\040\000D\000o\000c\000u\000m\000e\000n\000t\000a\000t\000i\000o\000n}{section.5.1}% 53
\BOOKMARK [3][-]{subsubsection.5.1.1.1}{\376\377\0005\000.\0001\000.\0001\000.\0001\000\040\000C\000R\000C\000C\000C\000I\000T\000T\000\050\000\051}{subsection.5.1.1}% 54
\BOOKMARK [1][-]{section.5.2}{\376\377\0005\000.\0002\000\040\000m\000y\000\137\000c\000r\000c\000.\000h}{chapter.5}% 55
\BOOKMARK [1][-]{section.5.3}{\376\377\0005\000.\0003\000\040\000i\000n\000c\000l\000u\000d\000e\000s\000/\000m\000y\000\137\000c\000u\000s\000t\000o\000m\000\137\000m\000o\000d\000e\000l\000s\000\137\000d\000e\000f\000.\000h\000\040\000F\000i\000l\000e\000\040\000R\000e\000f\000e\000r\000e\000n\000c\000e}{chapter.5}% 56
\BOOKMARK [2][-]{subsection.5.3.1}{\376\377\0005\000.\0003\000.\0001\000\040\000M\000a\000c\000r\000o\000\040\000D\000e\000f\000i\000n\000i\000t\000i\000o\000n\000\040\000D\000o\000c\000u\000m\000e\000n\000t\000a\000t\000i\000o\000n}{section.5.3}% 57
\BOOKMARK [3][-]{subsubsection.5.3.1.1}{\376\377\0005\000.\0003\000.\0001\000.\0001\000\040\000B\000A\000C\000K\000E\000N\000D\000\137\000P\000R\000O\000V\000\137\000D\000A\000T\000A\000\137\000P\000A\000Y\000L\000O\000A\000D\000\137\000B\000Y\000T\000E\000S}{subsection.5.3.1}% 58
\BOOKMARK [3][-]{subsubsection.5.3.1.2}{\376\377\0005\000.\0003\000.\0001\000.\0002\000\040\000B\000A\000C\000K\000E\000N\000D\000\137\000P\000R\000O\000V\000\137\000O\000P\000\137\0003}{subsection.5.3.1}% 59
\BOOKMARK [3][-]{subsubsection.5.3.1.3}{\376\377\0005\000.\0003\000.\0001\000.\0003\000\040\000B\000L\000E\000\137\000N\000E\000T\000\137\000C\000O\000N\000F\000I\000G\000\137\000P\000A\000Y\000L\000O\000A\000D\000\137\000B\000Y\000T\000E\000S}{subsection.5.3.1}% 60
\BOOKMARK [3][-]{subsubsection.5.3.1.4}{\376\377\0005\000.\0003\000.\0001\000.\0004\000\040\000C\000I\000D\000\137\000E\000S\000P}{subsection.5.3.1}% 61
\BOOKMARK [3][-]{subsubsection.5.3.1.5}{\376\377\0005\000.\0003\000.\0001\000.\0005\000\040\000C\000U\000S\000T\000O\000M\000\137\000M\000O\000D\000E\000L\000S\000\137\000D\000E\000F}{subsection.5.3.1}% 62
\BOOKMARK [3][-]{subsubsection.5.3.1.6}{\376\377\0005\000.\0003\000.\0001\000.\0006\000\040\000E\000S\000P\000\137\000B\000L\000E\000\137\000M\000E\000S\000H\000\137\000V\000N\000D\000\137\000M\000O\000D\000E\000L\000\137\000I\000D\000\137\000C\000L\000I\000E\000N\000T}{subsection.5.3.1}% 63
\BOOKMARK [3][-]{subsubsection.5.3.1.7}{\376\377\0005\000.\0003\000.\0001\000.\0007\000\040\000E\000S\000P\000\137\000B\000L\000E\000\137\000M\000E\000S\000H\000\137\000V\000N\000D\000\137\000M\000O\000D\000E\000L\000\137\000I\000D\000\137\000S\000E\000R\000V\000E\000R}{subsection.5.3.1}% 64
\BOOKMARK [3][-]{subsubsection.5.3.1.8}{\376\377\0005\000.\0003\000.\0001\000.\0008\000\040\000E\000S\000P\000\137\000B\000L\000E\000\137\000M\000E\000S\000H\000\137\000V\000N\000D\000\137\000M\000O\000D\000E\000L\000\137\000O\000P\000\137\000D\000U\000M\000M\000Y\000\137\000S\000E\000T}{subsection.5.3.1}% 65
\BOOKMARK [3][-]{subsubsection.5.3.1.9}{\376\377\0005\000.\0003\000.\0001\000.\0009\000\040\000E\000S\000P\000\137\000B\000L\000E\000\137\000M\000E\000S\000H\000\137\000V\000N\000D\000\137\000M\000O\000D\000E\000L\000\137\000O\000P\000\137\000G\000E\000T}{subsection.5.3.1}% 66
\BOOKMARK [3][-]{subsubsection.5.3.1.10}{\376\377\0005\000.\0003\000.\0001\000.\0001\0000\000\040\000E\000S\000P\000\137\000B\000L\000E\000\137\000M\000E\000S\000H\000\137\000V\000N\000D\000\137\000M\000O\000D\000E\000L\000\137\000O\000P\000\137\000I\000N\000T\000R\000\137\000S\000T\000A\000T\000U\000S}{subsection.5.3.1}% 67
\BOOKMARK [3][-]{subsubsection.5.3.1.11}{\376\377\0005\000.\0003\000.\0001\000.\0001\0001\000\040\000E\000S\000P\000\137\000B\000L\000E\000\137\000M\000E\000S\000H\000\137\000V\000N\000D\000\137\000M\000O\000D\000E\000L\000\137\000O\000P\000\137\000S\000E\000T}{subsection.5.3.1}% 68
\BOOKMARK [3][-]{subsubsection.5.3.1.12}{\376\377\0005\000.\0003\000.\0001\000.\0001\0002\000\040\000E\000S\000P\000\137\000B\000L\000E\000\137\000M\000E\000S\000H\000\137\000V\000N\000D\000\137\000M\000O\000D\000E\000L\000\137\000O\000P\000\137\000S\000E\000T\000\137\000U\000N\000A\000C\000K}{subsection.5.3.1}% 69
\BOOKMARK [3][-]{subsubsection.5.3.1.13}{\376\377\0005\000.\0003\000.\0001\000.\0001\0003\000\040\000E\000S\000P\000\137\000B\000L\000E\000\137\000M\000E\000S\000H\000\137\000V\000N\000D\000\137\000M\000O\000D\000E\000L\000\137\000O\000P\000\137\000S\000T\000A\000T\000U\000S}{subsection.5.3.1}% 70
\BOOKMARK [3][-]{subsubsection.5.3.1.14}{\376\377\0005\000.\0003\000.\0001\000.\0001\0004\000\040\000M\000E\000S\000H\000\137\000C\000L\000I\000E\000N\000T\000\137\000T\000I\000M\000E\000O\000U\000T}{subsection.5.3.1}% 71
\BOOKMARK [3][-]{subsubsection.5.3.1.15}{\376\377\0005\000.\0003\000.\0001\000.\0001\0005\000\040\000M\000S\000G\000\137\000A\000\137\000B\000A\000C\000K\000E\000N\000D\000\137\000P\000R\000O\000V\000\137\000B\000Y\000T\000E\000S}{subsection.5.3.1}% 72
\BOOKMARK [3][-]{subsubsection.5.3.1.16}{\376\377\0005\000.\0003\000.\0001\000.\0001\0006\000\040\000M\000S\000G\000\137\000A\000\137\000B\000Y\000T\000E\000S}{subsection.5.3.1}% 73
\BOOKMARK [3][-]{subsubsection.5.3.1.17}{\376\377\0005\000.\0003\000.\0001\000.\0001\0007\000\040\000M\000S\000G\000\137\000A\000\137\000C\000O\000N\000F\000I\000G\000\137\000B\000Y\000T\000E\000S}{subsection.5.3.1}% 74
\BOOKMARK [3][-]{subsubsection.5.3.1.18}{\376\377\0005\000.\0003\000.\0001\000.\0001\0008\000\040\000M\000S\000G\000\137\000A\000\137\000N\000O\000N\000\137\000N\000E\000T\000\137\000P\000A\000Y\000L\000O\000A\000D}{subsection.5.3.1}% 75
\BOOKMARK [3][-]{subsubsection.5.3.1.19}{\376\377\0005\000.\0003\000.\0001\000.\0001\0009\000\040\000M\000S\000G\000\137\000C\000\137\000B\000Y\000T\000E\000S}{subsection.5.3.1}% 76
\BOOKMARK [3][-]{subsubsection.5.3.1.20}{\376\377\0005\000.\0003\000.\0001\000.\0002\0000\000\040\000M\000S\000G\000\137\000R\000O\000L\000E}{subsection.5.3.1}% 77
\BOOKMARK [3][-]{subsubsection.5.3.1.21}{\376\377\0005\000.\0003\000.\0001\000.\0002\0001\000\040\000M\000S\000G\000\137\000S\000E\000N\000D\000\137\000R\000E\000L}{subsection.5.3.1}% 78
\BOOKMARK [3][-]{subsubsection.5.3.1.22}{\376\377\0005\000.\0003\000.\0001\000.\0002\0002\000\040\000M\000S\000G\000\137\000S\000E\000N\000D\000\137\000T\000T\000L}{subsection.5.3.1}% 79
\BOOKMARK [3][-]{subsubsection.5.3.1.23}{\376\377\0005\000.\0003\000.\0001\000.\0002\0003\000\040\000M\000S\000G\000\137\000T\000I\000M\000E\000O\000U\000T}{subsection.5.3.1}% 80
\BOOKMARK [3][-]{subsubsection.5.3.1.24}{\376\377\0005\000.\0003\000.\0001\000.\0002\0004\000\040\000P\000R\000O\000V\000\137\000A\000D\000D\000\137\000A\000P\000P\000K\000E\000Y}{subsection.5.3.1}% 81
\BOOKMARK [3][-]{subsubsection.5.3.1.25}{\376\377\0005\000.\0003\000.\0001\000.\0002\0005\000\040\000P\000R\000O\000V\000\137\000A\000D\000D\000\137\000N\000E\000T\000K\000E\000Y}{subsection.5.3.1}% 82
\BOOKMARK [3][-]{subsubsection.5.3.1.26}{\376\377\0005\000.\0003\000.\0001\000.\0002\0006\000\040\000P\000R\000O\000V\000\137\000K\000E\000Y\000\137\000F\000A\000I\000L}{subsection.5.3.1}% 83
\BOOKMARK [3][-]{subsubsection.5.3.1.27}{\376\377\0005\000.\0003\000.\0001\000.\0002\0007\000\040\000P\000R\000O\000V\000\137\000K\000E\000Y\000\137\000S\000U\000C\000C\000E\000S\000S}{subsection.5.3.1}% 84
\BOOKMARK [3][-]{subsubsection.5.3.1.28}{\376\377\0005\000.\0003\000.\0001\000.\0002\0008\000\040\000P\000R\000O\000V\000\137\000M\000O\000D\000E\000\137\000G\000E\000T}{subsection.5.3.1}% 85
\BOOKMARK [3][-]{subsubsection.5.3.1.29}{\376\377\0005\000.\0003\000.\0001\000.\0002\0009\000\040\000P\000R\000O\000V\000\137\000M\000O\000D\000E\000\137\000N\000O\000D\000E\000\137\000R\000E\000S\000E\000T}{subsection.5.3.1}% 86
\BOOKMARK [3][-]{subsubsection.5.3.1.30}{\376\377\0005\000.\0003\000.\0001\000.\0003\0000\000\040\000P\000R\000O\000V\000\137\000M\000O\000D\000E\000\137\000S\000E\000T}{subsection.5.3.1}% 87
\BOOKMARK [3][-]{subsubsection.5.3.1.31}{\376\377\0005\000.\0003\000.\0001\000.\0003\0001\000\040\000P\000R\000O\000V\000\137\000M\000O\000D\000E\000\137\000S\000T\000A\000T\000U\000S}{subsection.5.3.1}% 88
\BOOKMARK [3][-]{subsubsection.5.3.1.32}{\376\377\0005\000.\0003\000.\0001\000.\0003\0002\000\040\000P\000R\000O\000V\000\137\000N\000O\000D\000E\000\137\000I\000N\000F\000O}{subsection.5.3.1}% 89
\BOOKMARK [3][-]{subsubsection.5.3.1.33}{\376\377\0005\000.\0003\000.\0001\000.\0003\0003\000\040\000S\000E\000N\000S\000O\000R\000\137\000P\000A\000Y\000L\000O\000A\000D\000\137\000B\000Y\000T\000E\000S}{subsection.5.3.1}% 90
\BOOKMARK [2][-]{subsection.5.3.2}{\376\377\0005\000.\0003\000.\0002\000\040\000F\000u\000n\000c\000t\000i\000o\000n\000\040\000D\000o\000c\000u\000m\000e\000n\000t\000a\000t\000i\000o\000n}{section.5.3}% 91
\BOOKMARK [3][-]{subsubsection.5.3.2.1}{\376\377\0005\000.\0003\000.\0002\000.\0001\000\040\000\137\000\137\000a\000t\000t\000r\000i\000b\000u\000t\000e\000\137\000\137\000\050\000\051}{subsection.5.3.2}% 92
\BOOKMARK [2][-]{subsection.5.3.3}{\376\377\0005\000.\0003\000.\0003\000\040\000V\000a\000r\000i\000a\000b\000l\000e\000\040\000D\000o\000c\000u\000m\000e\000n\000t\000a\000t\000i\000o\000n}{section.5.3}% 93
\BOOKMARK [3][-]{subsubsection.5.3.3.1}{\376\377\0005\000.\0003\000.\0003\000.\0001\000\040\000m\000o\000d\000e\000l\000\137\000s\000e\000n\000s\000o\000r\000\137\000d\000a\000t\000a\000\137\000t}{subsection.5.3.3}% 94
\BOOKMARK [1][-]{section.5.4}{\376\377\0005\000.\0004\000\040\000m\000y\000\137\000c\000u\000s\000t\000o\000m\000\137\000m\000o\000d\000e\000l\000s\000\137\000d\000e\000f\000.\000h}{chapter.5}% 95
\BOOKMARK [1][-]{section.5.5}{\376\377\0005\000.\0005\000\040\000i\000n\000c\000l\000u\000d\000e\000s\000/\000n\000e\000t\000w\000o\000r\000k\000\137\000m\000s\000g\000\137\000s\000t\000r\000u\000c\000t\000.\000h\000\040\000F\000i\000l\000e\000\040\000R\000e\000f\000e\000r\000e\000n\000c\000e}{chapter.5}% 96
\BOOKMARK [2][-]{subsection.5.5.1}{\376\377\0005\000.\0005\000.\0001\000\040\000D\000e\000t\000a\000i\000l\000e\000d\000\040\000D\000e\000s\000c\000r\000i\000p\000t\000i\000o\000n}{section.5.5}% 97
\BOOKMARK [2][-]{subsection.5.5.2}{\376\377\0005\000.\0005\000.\0002\000\040\000M\000a\000c\000r\000o\000\040\000D\000e\000f\000i\000n\000i\000t\000i\000o\000n\000\040\000D\000o\000c\000u\000m\000e\000n\000t\000a\000t\000i\000o\000n}{section.5.5}% 98
\BOOKMARK [3][-]{subsubsection.5.5.2.1}{\376\377\0005\000.\0005\000.\0002\000.\0001\000\040\000N\000E\000T\000\137\000M\000S\000G\000\137\000S\000T\000R\000U\000C\000T}{subsection.5.5.2}% 99
\BOOKMARK [2][-]{subsection.5.5.3}{\376\377\0005\000.\0005\000.\0003\000\040\000F\000u\000n\000c\000t\000i\000o\000n\000\040\000D\000o\000c\000u\000m\000e\000n\000t\000a\000t\000i\000o\000n}{section.5.5}% 100
\BOOKMARK [3][-]{subsubsection.5.5.3.1}{\376\377\0005\000.\0005\000.\0003\000.\0001\000\040\000e\000x\000t\000r\000a\000c\000t\000\137\000a\000d\000d\000r\000\050\000\051}{subsection.5.5.3}% 101
\BOOKMARK [3][-]{subsubsection.5.5.3.2}{\376\377\0005\000.\0005\000.\0003\000.\0002\000\040\000e\000x\000t\000r\000a\000c\000t\000\137\000b\000a\000c\000k\000e\000n\000d\000\137\000p\000r\000o\000v\000\137\000d\000a\000t\000a\000\137\000m\000s\000g\000A\000\050\000\051}{subsection.5.5.3}% 102
\BOOKMARK [3][-]{subsubsection.5.5.3.3}{\376\377\0005\000.\0005\000.\0003\000.\0003\000\040\000e\000x\000t\000r\000a\000c\000t\000\137\000b\000t\000\137\000d\000a\000t\000a\000\137\000m\000s\000g\000A\000\050\000\051}{subsection.5.5.3}% 103
\BOOKMARK [3][-]{subsubsection.5.5.3.4}{\376\377\0005\000.\0005\000.\0003\000.\0004\000\040\000e\000x\000t\000r\000a\000c\000t\000\137\000n\000o\000d\000e\000\137\000d\000a\000t\000a\000\137\000m\000s\000g\000A\000\050\000\051}{subsection.5.5.3}% 104
\BOOKMARK [3][-]{subsubsection.5.5.3.5}{\376\377\0005\000.\0005\000.\0003\000.\0005\000\040\000e\000x\000t\000r\000a\000c\000t\000\137\000o\000p\000c\000o\000d\000e\000\050\000\051}{subsection.5.5.3}% 105
\BOOKMARK [3][-]{subsubsection.5.5.3.6}{\376\377\0005\000.\0005\000.\0003\000.\0006\000\040\000e\000x\000t\000r\000a\000c\000t\000\137\000s\000e\000n\000s\000o\000r\000\137\000d\000a\000t\000a\000\137\000m\000s\000g\000A\000\050\000\051}{subsection.5.5.3}% 106
\BOOKMARK [3][-]{subsubsection.5.5.3.7}{\376\377\0005\000.\0005\000.\0003\000.\0007\000\040\000e\000x\000t\000r\000a\000c\000t\000\137\000s\000e\000n\000s\000o\000r\000\137\000d\000a\000t\000a\000\137\000m\000s\000g\000C\000\050\000\051}{subsection.5.5.3}% 107
\BOOKMARK [3][-]{subsubsection.5.5.3.8}{\376\377\0005\000.\0005\000.\0003\000.\0008\000\040\000f\000r\000e\000e\000\137\000n\000o\000d\000e\000\137\000d\000a\000t\000a\000\050\000\051}{subsection.5.5.3}% 108
\BOOKMARK [3][-]{subsubsection.5.5.3.9}{\376\377\0005\000.\0005\000.\0003\000.\0009\000\040\000s\000e\000t\000\137\000b\000a\000c\000k\000e\000n\000d\000\137\000p\000r\000o\000v\000\137\000d\000a\000t\000a\000\137\000m\000s\000g\000A\000\050\000\051}{subsection.5.5.3}% 109
\BOOKMARK [3][-]{subsubsection.5.5.3.10}{\376\377\0005\000.\0005\000.\0003\000.\0001\0000\000\040\000s\000e\000t\000\137\000b\000t\000\137\000d\000a\000t\000a\000\137\000m\000s\000g\000A\000\050\000\051}{subsection.5.5.3}% 110
\BOOKMARK [3][-]{subsubsection.5.5.3.11}{\376\377\0005\000.\0005\000.\0003\000.\0001\0001\000\040\000s\000e\000t\000\137\000s\000e\000n\000s\000o\000r\000\137\000d\000a\000t\000a\000\137\000m\000s\000g\000A\000\050\000\051}{subsection.5.5.3}% 111
\BOOKMARK [3][-]{subsubsection.5.5.3.12}{\376\377\0005\000.\0005\000.\0003\000.\0001\0002\000\040\000s\000e\000t\000\137\000s\000e\000n\000s\000o\000r\000\137\000d\000a\000t\000a\000\137\000m\000s\000g\000C\000\050\000\051}{subsection.5.5.3}% 112
\BOOKMARK [1][-]{section.5.6}{\376\377\0005\000.\0006\000\040\000n\000e\000t\000w\000o\000r\000k\000\137\000m\000s\000g\000\137\000s\000t\000r\000u\000c\000t\000.\000h}{chapter.5}% 113
\BOOKMARK [1][-]{section.5.7}{\376\377\0005\000.\0007\000\040\000R\000E\000A\000D\000M\000E\000.\000m\000d\000\040\000F\000i\000l\000e\000\040\000R\000e\000f\000e\000r\000e\000n\000c\000e}{chapter.5}% 114
\BOOKMARK [1][-]{section.5.8}{\376\377\0005\000.\0008\000\040\000s\000r\000c\000s\000/\000m\000y\000\137\000c\000r\000c\000.\000c\000\040\000F\000i\000l\000e\000\040\000R\000e\000f\000e\000r\000e\000n\000c\000e}{chapter.5}% 115
\BOOKMARK [2][-]{subsection.5.8.1}{\376\377\0005\000.\0008\000.\0001\000\040\000F\000u\000n\000c\000t\000i\000o\000n\000\040\000D\000o\000c\000u\000m\000e\000n\000t\000a\000t\000i\000o\000n}{section.5.8}% 116
\BOOKMARK [3][-]{subsubsection.5.8.1.1}{\376\377\0005\000.\0008\000.\0001\000.\0001\000\040\000C\000R\000C\000C\000C\000I\000T\000T\000\050\000\051}{subsection.5.8.1}% 117
\BOOKMARK [1][-]{section.5.9}{\376\377\0005\000.\0009\000\040\000s\000r\000c\000s\000/\000n\000e\000t\000w\000o\000r\000k\000\137\000m\000s\000g\000\137\000s\000t\000r\000u\000c\000t\000.\000c\000\040\000F\000i\000l\000e\000\040\000R\000e\000f\000e\000r\000e\000n\000c\000e}{chapter.5}% 118
\BOOKMARK [2][-]{subsection.5.9.1}{\376\377\0005\000.\0009\000.\0001\000\040\000F\000u\000n\000c\000t\000i\000o\000n\000\040\000D\000o\000c\000u\000m\000e\000n\000t\000a\000t\000i\000o\000n}{section.5.9}% 119
\BOOKMARK [3][-]{subsubsection.5.9.1.1}{\376\377\0005\000.\0009\000.\0001\000.\0001\000\040\000e\000x\000t\000r\000a\000c\000t\000\137\000a\000d\000d\000r\000\050\000\051}{subsection.5.9.1}% 120
\BOOKMARK [3][-]{subsubsection.5.9.1.2}{\376\377\0005\000.\0009\000.\0001\000.\0002\000\040\000e\000x\000t\000r\000a\000c\000t\000\137\000b\000a\000c\000k\000e\000n\000d\000\137\000p\000r\000o\000v\000\137\000d\000a\000t\000a\000\137\000m\000s\000g\000A\000\050\000\051}{subsection.5.9.1}% 121
\BOOKMARK [3][-]{subsubsection.5.9.1.3}{\376\377\0005\000.\0009\000.\0001\000.\0003\000\040\000e\000x\000t\000r\000a\000c\000t\000\137\000b\000t\000\137\000d\000a\000t\000a\000\137\000m\000s\000g\000A\000\050\000\051}{subsection.5.9.1}% 122
\BOOKMARK [3][-]{subsubsection.5.9.1.4}{\376\377\0005\000.\0009\000.\0001\000.\0004\000\040\000e\000x\000t\000r\000a\000c\000t\000\137\000n\000o\000d\000e\000\137\000d\000a\000t\000a\000\137\000m\000s\000g\000A\000\050\000\051}{subsection.5.9.1}% 123
\BOOKMARK [3][-]{subsubsection.5.9.1.5}{\376\377\0005\000.\0009\000.\0001\000.\0005\000\040\000e\000x\000t\000r\000a\000c\000t\000\137\000o\000p\000c\000o\000d\000e\000\050\000\051}{subsection.5.9.1}% 124
\BOOKMARK [3][-]{subsubsection.5.9.1.6}{\376\377\0005\000.\0009\000.\0001\000.\0006\000\040\000e\000x\000t\000r\000a\000c\000t\000\137\000s\000e\000n\000s\000o\000r\000\137\000d\000a\000t\000a\000\137\000m\000s\000g\000A\000\050\000\051}{subsection.5.9.1}% 125
\BOOKMARK [3][-]{subsubsection.5.9.1.7}{\376\377\0005\000.\0009\000.\0001\000.\0007\000\040\000e\000x\000t\000r\000a\000c\000t\000\137\000s\000e\000n\000s\000o\000r\000\137\000d\000a\000t\000a\000\137\000m\000s\000g\000C\000\050\000\051}{subsection.5.9.1}% 126
\BOOKMARK [3][-]{subsubsection.5.9.1.8}{\376\377\0005\000.\0009\000.\0001\000.\0008\000\040\000f\000r\000e\000e\000\137\000n\000o\000d\000e\000\137\000d\000a\000t\000a\000\050\000\051}{subsection.5.9.1}% 127
\BOOKMARK [3][-]{subsubsection.5.9.1.9}{\376\377\0005\000.\0009\000.\0001\000.\0009\000\040\000s\000e\000t\000\137\000b\000a\000c\000k\000e\000n\000d\000\137\000p\000r\000o\000v\000\137\000d\000a\000t\000a\000\137\000m\000s\000g\000A\000\050\000\051}{subsection.5.9.1}% 128
\BOOKMARK [3][-]{subsubsection.5.9.1.10}{\376\377\0005\000.\0009\000.\0001\000.\0001\0000\000\040\000s\000e\000t\000\137\000b\000t\000\137\000d\000a\000t\000a\000\137\000m\000s\000g\000A\000\050\000\051}{subsection.5.9.1}% 129
\BOOKMARK [3][-]{subsubsection.5.9.1.11}{\376\377\0005\000.\0009\000.\0001\000.\0001\0001\000\040\000s\000e\000t\000\137\000s\000e\000n\000s\000o\000r\000\137\000d\000a\000t\000a\000\137\000m\000s\000g\000A\000\050\000\051}{subsection.5.9.1}% 130
\BOOKMARK [3][-]{subsubsection.5.9.1.12}{\376\377\0005\000.\0009\000.\0001\000.\0001\0002\000\040\000s\000e\000t\000\137\000s\000e\000n\000s\000o\000r\000\137\000d\000a\000t\000a\000\137\000m\000s\000g\000C\000\050\000\051}{subsection.5.9.1}% 131
\BOOKMARK [0][-]{section*.21}{\376\377\000I\000n\000d\000e\000x}{}% 132
